autoresearch-engine
  max_steps:      1000
  cooldown_steps: 500
  batch:          64x4 = 524288 tokens/step
  data:           /root/.cache/autoresearch/shards_packed
  peak_lr:        0.04
  warmdown_ratio: 0.5 (cooldown shape only)
  weight_decay:   0.2
  schedule:       linear
  final_lr_frac:  0.05
Allocated 52276.3 MB GPU memory (B=64)
Model: 122.7M params, depth=31, d_model=512
Weights initialized (matching Python scheme)
Batch: device=64, total=524288 (4 accum steps)
Data: streaming from stdin (feeder, 32 batches prefetch)
Allocated 1024.0 KB pinned host memory (2x B*T u32)
Running warmup step...
Warmup complete (8.90s). Estimated ~1000 training steps.
step     0 | loss 9.0026 | lr 1.000 | dt 1.517s | tok/s 345688 | mfu 25.3% | vram 0MB | steps_left 1000
step     1 | loss 8.8245 | lr 1.000 | dt 1.556s | tok/s 337024 | mfu 24.7% | vram 0MB | steps_left 999
step     2 | loss 8.3086 | lr 1.000 | dt 1.565s | tok/s 335055 | mfu 24.5% | vram 0MB | steps_left 998
step     3 | loss 7.8131 | lr 1.000 | dt 1.559s | tok/s 336321 | mfu 24.6% | vram 0MB | steps_left 997
step     4 | loss 7.3992 | lr 1.000 | dt 1.567s | tok/s 334519 | mfu 24.5% | vram 0MB | steps_left 996
step     5 | loss 7.0943 | lr 1.000 | dt 1.564s | tok/s 335329 | mfu 24.6% | vram 0MB | steps_left 995
step     6 | loss 6.8570 | lr 1.000 | dt 1.564s | tok/s 335211 | mfu 24.6% | vram 0MB | steps_left 994
step     7 | loss 6.6531 | lr 1.000 | dt 1.566s | tok/s 334733 | mfu 24.5% | vram 0MB | steps_left 993
step     8 | loss 6.4876 | lr 1.000 | dt 1.564s | tok/s 335325 | mfu 24.6% | vram 0MB | steps_left 992
step     9 | loss 6.3490 | lr 1.000 | dt 1.565s | tok/s 334903 | mfu 24.5% | vram 0MB | steps_left 991
step    10 | loss 6.2353 | lr 1.000 | dt 1.563s | tok/s 335477 | mfu 24.6% | vram 0MB | steps_left 990
step    15 | loss 5.3912 | lr 1.000 | dt 1.566s | tok/s 334786 | mfu 24.5% | vram 0MB | steps_left 985
timing | fwd+bwd 1555.1ms  opt 10.9ms  gpu 1566.0ms  wall_gap 0.0ms
step    20 | loss 5.0362 | lr 1.000 | dt 1.565s | tok/s 335006 | mfu 24.5% | vram 0MB | steps_left 980
timing | fwd+bwd 1554.1ms  opt 10.9ms  gpu 1565.0ms  wall_gap 0.0ms
step    25 | loss 4.8695 | lr 1.000 | dt 1.562s | tok/s 335707 | mfu 24.6% | vram 0MB | steps_left 975
timing | fwd+bwd 1550.9ms  opt 10.8ms  gpu 1561.7ms  wall_gap 0.0ms
[eval] step 25 | val_bpb 1.8244
step    30 | loss 4.7880 | lr 1.000 | dt 1.562s | tok/s 335558 | mfu 24.6% | vram 0MB | steps_left 970
timing | fwd+bwd 1551.5ms  opt 10.9ms  gpu 1562.4ms  wall_gap 0.0ms
step    35 | loss 4.7481 | lr 1.000 | dt 1.562s | tok/s 335641 | mfu 24.6% | vram 0MB | steps_left 965
timing | fwd+bwd 1551.1ms  opt 10.9ms  gpu 1562.0ms  wall_gap 0.0ms
step    40 | loss 4.7203 | lr 1.000 | dt 1.566s | tok/s 334744 | mfu 24.5% | vram 0MB | steps_left 960
timing | fwd+bwd 1555.3ms  opt 10.9ms  gpu 1566.2ms  wall_gap 0.0ms
step    45 | loss 4.6940 | lr 1.000 | dt 1.561s | tok/s 335867 | mfu 24.6% | vram 0MB | steps_left 955
timing | fwd+bwd 1550.2ms  opt 10.8ms  gpu 1561.0ms  wall_gap 0.0ms
step    50 | loss 4.6690 | lr 1.000 | dt 1.566s | tok/s 334879 | mfu 24.5% | vram 0MB | steps_left 950
timing | fwd+bwd 1554.7ms  opt 10.9ms  gpu 1565.6ms  wall_gap 0.0ms
[eval] step 50 | val_bpb 1.5891
[checkpoint] saved /root/.cache/autoresearch/checkpoints/model_step50.safetensors
step    55 | loss 4.6318 | lr 1.000 | dt 1.560s | tok/s 336007 | mfu 24.6% | vram 0MB | steps_left 945
timing | fwd+bwd 1549.3ms  opt 11.0ms  gpu 1560.3ms  wall_gap 0.0ms
step    60 | loss 4.5895 | lr 1.000 | dt 1.561s | tok/s 335886 | mfu 24.6% | vram 0MB | steps_left 940
timing | fwd+bwd 1550.1ms  opt 10.8ms  gpu 1560.9ms  wall_gap 0.0ms
step    65 | loss 4.5414 | lr 1.000 | dt 1.563s | tok/s 335331 | mfu 24.6% | vram 0MB | steps_left 935
timing | fwd+bwd 1552.7ms  opt 10.8ms  gpu 1563.5ms  wall_gap 0.0ms
step    70 | loss 4.4869 | lr 1.000 | dt 1.565s | tok/s 335029 | mfu 24.5% | vram 0MB | steps_left 930
timing | fwd+bwd 1554.0ms  opt 10.9ms  gpu 1564.9ms  wall_gap 0.0ms
step    75 | loss 4.4324 | lr 1.000 | dt 1.568s | tok/s 334266 | mfu 24.5% | vram 0MB | steps_left 925
timing | fwd+bwd 1557.6ms  opt 10.9ms  gpu 1568.5ms  wall_gap 0.0ms
[eval] step 75 | val_bpb 1.4258
step    80 | loss 4.3793 | lr 1.000 | dt 1.567s | tok/s 334558 | mfu 24.5% | vram 0MB | steps_left 920
timing | fwd+bwd 1556.2ms  opt 11.0ms  gpu 1567.1ms  wall_gap 0.0ms
step    85 | loss 4.3159 | lr 1.000 | dt 1.567s | tok/s 334532 | mfu 24.5% | vram 0MB | steps_left 915
timing | fwd+bwd 1556.3ms  opt 10.9ms  gpu 1567.2ms  wall_gap 0.0ms
step    90 | loss 4.2549 | lr 1.000 | dt 1.570s | tok/s 333961 | mfu 24.5% | vram 0MB | steps_left 910
timing | fwd+bwd 1558.9ms  opt 11.0ms  gpu 1569.9ms  wall_gap 0.0ms
step    95 | loss 4.1974 | lr 1.000 | dt 1.570s | tok/s 334042 | mfu 24.5% | vram 0MB | steps_left 905
timing | fwd+bwd 1558.6ms  opt 10.9ms  gpu 1569.5ms  wall_gap 0.0ms
step   100 | loss 4.1396 | lr 1.000 | dt 1.572s | tok/s 333545 | mfu 24.4% | vram 0MB | steps_left 900
timing | fwd+bwd 1560.6ms  opt 11.3ms  gpu 1571.9ms  wall_gap 0.0ms
[eval] step 100 | val_bpb 1.6534
[checkpoint] saved /root/.cache/autoresearch/checkpoints/model_step100.safetensors
step   105 | loss 4.0862 | lr 1.000 | dt 1.565s | tok/s 334963 | mfu 24.5% | vram 0MB | steps_left 895
timing | fwd+bwd 1554.4ms  opt 10.8ms  gpu 1565.2ms  wall_gap 0.0ms
step   110 | loss 4.0343 | lr 1.000 | dt 1.568s | tok/s 334377 | mfu 24.5% | vram 0MB | steps_left 890
timing | fwd+bwd 1557.0ms  opt 11.0ms  gpu 1568.0ms  wall_gap 0.0ms
step   115 | loss 3.9830 | lr 1.000 | dt 1.567s | tok/s 334616 | mfu 24.5% | vram 0MB | steps_left 885
timing | fwd+bwd 1555.8ms  opt 11.0ms  gpu 1566.8ms  wall_gap 0.0ms
step   120 | loss 3.9323 | lr 1.000 | dt 1.563s | tok/s 335377 | mfu 24.6% | vram 0MB | steps_left 880
timing | fwd+bwd 1552.4ms  opt 10.9ms  gpu 1563.3ms  wall_gap 0.0ms
step   125 | loss 3.8868 | lr 1.000 | dt 1.566s | tok/s 334883 | mfu 24.5% | vram 0MB | steps_left 875
timing | fwd+bwd 1554.7ms  opt 10.9ms  gpu 1565.6ms  wall_gap 0.0ms
[eval] step 125 | val_bpb 1.1844
step   130 | loss 3.8467 | lr 1.000 | dt 1.566s | tok/s 334728 | mfu 24.5% | vram 0MB | steps_left 870
timing | fwd+bwd 1555.4ms  opt 10.9ms  gpu 1566.3ms  wall_gap 0.0ms
step   135 | loss 3.8061 | lr 1.000 | dt 1.563s | tok/s 335404 | mfu 24.6% | vram 0MB | steps_left 865
timing | fwd+bwd 1552.2ms  opt 11.0ms  gpu 1563.2ms  wall_gap 0.0ms
step   140 | loss 3.7632 | lr 1.000 | dt 1.564s | tok/s 335217 | mfu 24.6% | vram 0MB | steps_left 860
timing | fwd+bwd 1552.9ms  opt 11.1ms  gpu 1564.0ms  wall_gap 0.0ms
step   145 | loss 3.7244 | lr 1.000 | dt 1.567s | tok/s 334653 | mfu 24.5% | vram 0MB | steps_left 855
timing | fwd+bwd 1555.8ms  opt 10.8ms  gpu 1566.7ms  wall_gap 0.0ms
step   150 | loss 3.6896 | lr 1.000 | dt 1.562s | tok/s 335677 | mfu 24.6% | vram 0MB | steps_left 850
timing | fwd+bwd 1551.0ms  opt 10.9ms  gpu 1561.9ms  wall_gap 0.0ms
[eval] step 150 | val_bpb 1.1486
[checkpoint] saved /root/.cache/autoresearch/checkpoints/model_step150.safetensors
step   155 | loss 3.6556 | lr 1.000 | dt 1.562s | tok/s 335568 | mfu 24.6% | vram 0MB | steps_left 845
timing | fwd+bwd 1551.4ms  opt 11.0ms  gpu 1562.4ms  wall_gap 0.0ms
step   160 | loss 3.6263 | lr 1.000 | dt 1.562s | tok/s 335570 | mfu 24.6% | vram 0MB | steps_left 840
timing | fwd+bwd 1551.5ms  opt 10.8ms  gpu 1562.4ms  wall_gap 0.0ms
step   165 | loss 3.5962 | lr 1.000 | dt 1.564s | tok/s 335203 | mfu 24.6% | vram 0MB | steps_left 835
timing | fwd+bwd 1553.2ms  opt 10.8ms  gpu 1564.1ms  wall_gap 0.0ms
step   170 | loss 3.5713 | lr 1.000 | dt 1.562s | tok/s 335559 | mfu 24.6% | vram 0MB | steps_left 830
timing | fwd+bwd 1551.5ms  opt 10.9ms  gpu 1562.4ms  wall_gap 0.0ms
step   175 | loss 3.5478 | lr 1.000 | dt 1.563s | tok/s 335343 | mfu 24.6% | vram 0MB | steps_left 825
timing | fwd+bwd 1552.5ms  opt 11.0ms  gpu 1563.4ms  wall_gap 0.0ms
[eval] step 175 | val_bpb 1.0833
step   180 | loss 3.5238 | lr 1.000 | dt 1.565s | tok/s 334961 | mfu 24.5% | vram 0MB | steps_left 820
timing | fwd+bwd 1554.3ms  opt 10.9ms  gpu 1565.2ms  wall_gap 0.0ms
step   185 | loss 3.5013 | lr 1.000 | dt 1.564s | tok/s 335227 | mfu 24.6% | vram 0MB | steps_left 815
timing | fwd+bwd 1553.1ms  opt 10.9ms  gpu 1564.0ms  wall_gap 0.0ms
step   190 | loss 3.4755 | lr 1.000 | dt 1.563s | tok/s 335477 | mfu 24.6% | vram 0MB | steps_left 810
timing | fwd+bwd 1551.9ms  opt 10.9ms  gpu 1562.8ms  wall_gap 0.0ms
step   195 | loss 3.4519 | lr 1.000 | dt 1.561s | tok/s 335960 | mfu 24.6% | vram 0MB | steps_left 805
timing | fwd+bwd 1549.7ms  opt 10.9ms  gpu 1560.6ms  wall_gap 0.0ms
step   200 | loss 3.4295 | lr 1.000 | dt 1.562s | tok/s 335563 | mfu 24.6% | vram 0MB | steps_left 800
timing | fwd+bwd 1551.5ms  opt 10.9ms  gpu 1562.4ms  wall_gap 0.0ms
[eval] step 200 | val_bpb 1.0679
[checkpoint] saved /root/.cache/autoresearch/checkpoints/model_step200.safetensors
step   205 | loss 3.4125 | lr 1.000 | dt 1.557s | tok/s 336661 | mfu 24.7% | vram 0MB | steps_left 795
timing | fwd+bwd 1546.5ms  opt 10.8ms  gpu 1557.3ms  wall_gap 0.0ms
step   210 | loss 3.3947 | lr 1.000 | dt 1.564s | tok/s 335263 | mfu 24.6% | vram 0MB | steps_left 790
timing | fwd+bwd 1552.9ms  opt 10.9ms  gpu 1563.8ms  wall_gap 0.0ms
step   215 | loss 3.3786 | lr 1.000 | dt 1.561s | tok/s 335887 | mfu 24.6% | vram 0MB | steps_left 785
timing | fwd+bwd 1550.0ms  opt 10.9ms  gpu 1560.9ms  wall_gap 0.0ms
step   220 | loss 3.3625 | lr 1.000 | dt 1.562s | tok/s 335742 | mfu 24.6% | vram 0MB | steps_left 780
timing | fwd+bwd 1550.8ms  opt 10.8ms  gpu 1561.6ms  wall_gap 0.0ms
step   225 | loss 3.3444 | lr 1.000 | dt 1.562s | tok/s 335608 | mfu 24.6% | vram 0MB | steps_left 775
timing | fwd+bwd 1551.3ms  opt 10.9ms  gpu 1562.2ms  wall_gap 0.0ms
[eval] step 225 | val_bpb 1.0488
step   230 | loss 3.3331 | lr 1.000 | dt 1.565s | tok/s 335028 | mfu 24.5% | vram 0MB | steps_left 770
timing | fwd+bwd 1553.7ms  opt 11.2ms  gpu 1564.9ms  wall_gap 0.0ms
step   235 | loss 3.3189 | lr 1.000 | dt 1.568s | tok/s 334331 | mfu 24.5% | vram 0MB | steps_left 765
timing | fwd+bwd 1557.2ms  opt 10.9ms  gpu 1568.2ms  wall_gap 0.0ms
step   240 | loss 3.3043 | lr 1.000 | dt 1.563s | tok/s 335536 | mfu 24.6% | vram 0MB | steps_left 760
timing | fwd+bwd 1551.7ms  opt 10.8ms  gpu 1562.5ms  wall_gap 0.0ms
step   245 | loss 3.2938 | lr 1.000 | dt 1.563s | tok/s 335428 | mfu 24.6% | vram 0MB | steps_left 755
timing | fwd+bwd 1552.1ms  opt 10.9ms  gpu 1563.0ms  wall_gap 0.0ms
step   250 | loss 3.2800 | lr 1.000 | dt 1.560s | tok/s 335981 | mfu 24.6% | vram 0MB | steps_left 750
timing | fwd+bwd 1549.6ms  opt 10.9ms  gpu 1560.5ms  wall_gap 0.0ms
[eval] step 250 | val_bpb 1.0465
[checkpoint] saved /root/.cache/autoresearch/checkpoints/model_step250.safetensors
step   255 | loss 3.2703 | lr 1.000 | dt 1.560s | tok/s 335990 | mfu 24.6% | vram 0MB | steps_left 745
timing | fwd+bwd 1549.4ms  opt 11.0ms  gpu 1560.4ms  wall_gap 0.0ms
step   260 | loss 3.2588 | lr 1.000 | dt 1.562s | tok/s 335749 | mfu 24.6% | vram 0MB | steps_left 740
timing | fwd+bwd 1550.7ms  opt 10.8ms  gpu 1561.5ms  wall_gap 0.0ms
step   265 | loss 3.2450 | lr 1.000 | dt 1.562s | tok/s 335700 | mfu 24.6% | vram 0MB | steps_left 735
timing | fwd+bwd 1550.9ms  opt 10.8ms  gpu 1561.8ms  wall_gap 0.0ms
step   270 | loss 3.2343 | lr 1.000 | dt 1.562s | tok/s 335754 | mfu 24.6% | vram 0MB | steps_left 730
timing | fwd+bwd 1550.7ms  opt 10.9ms  gpu 1561.5ms  wall_gap 0.0ms
step   275 | loss 3.2263 | lr 1.000 | dt 1.561s | tok/s 335970 | mfu 24.6% | vram 0MB | steps_left 725
timing | fwd+bwd 1549.5ms  opt 11.0ms  gpu 1560.5ms  wall_gap 0.0ms
[eval] step 275 | val_bpb 1.0160
step   280 | loss 3.2210 | lr 1.000 | dt 1.562s | tok/s 335742 | mfu 24.6% | vram 0MB | steps_left 720
timing | fwd+bwd 1550.8ms  opt 10.8ms  gpu 1561.6ms  wall_gap 0.0ms
step   285 | loss 3.2122 | lr 1.000 | dt 1.558s | tok/s 336484 | mfu 24.6% | vram 0MB | steps_left 715
timing | fwd+bwd 1547.3ms  opt 10.9ms  gpu 1558.1ms  wall_gap 0.0ms
step   290 | loss 3.2057 | lr 1.000 | dt 1.563s | tok/s 335521 | mfu 24.6% | vram 0MB | steps_left 710
timing | fwd+bwd 1551.6ms  opt 11.0ms  gpu 1562.6ms  wall_gap 0.0ms
step   295 | loss 3.1983 | lr 1.000 | dt 1.560s | tok/s 336123 | mfu 24.6% | vram 0MB | steps_left 705
timing | fwd+bwd 1548.9ms  opt 10.9ms  gpu 1559.8ms  wall_gap 0.0ms
step   300 | loss 3.1899 | lr 1.000 | dt 1.564s | tok/s 335138 | mfu 24.5% | vram 0MB | steps_left 700
timing | fwd+bwd 1553.5ms  opt 10.9ms  gpu 1564.4ms  wall_gap 0.0ms
[eval] step 300 | val_bpb 1.0017
[checkpoint] saved /root/.cache/autoresearch/checkpoints/model_step300.safetensors
step   305 | loss 3.1818 | lr 1.000 | dt 1.563s | tok/s 335421 | mfu 24.6% | vram 0MB | steps_left 695
timing | fwd+bwd 1552.0ms  opt 11.0ms  gpu 1563.1ms  wall_gap 0.0ms
step   310 | loss 3.1744 | lr 1.000 | dt 1.561s | tok/s 335798 | mfu 24.6% | vram 0MB | steps_left 690
timing | fwd+bwd 1550.4ms  opt 10.9ms  gpu 1561.3ms  wall_gap 0.0ms
step   315 | loss 3.1655 | lr 1.000 | dt 1.558s | tok/s 336551 | mfu 24.6% | vram 0MB | steps_left 685
timing | fwd+bwd 1546.9ms  opt 10.9ms  gpu 1557.8ms  wall_gap 0.0ms
step   320 | loss 3.1564 | lr 1.000 | dt 1.566s | tok/s 334753 | mfu 24.5% | vram 0MB | steps_left 680
timing | fwd+bwd 1555.2ms  opt 10.9ms  gpu 1566.2ms  wall_gap 0.0ms
step   325 | loss 3.1482 | lr 1.000 | dt 1.565s | tok/s 335115 | mfu 24.5% | vram 0MB | steps_left 675
timing | fwd+bwd 1553.7ms  opt 10.8ms  gpu 1564.5ms  wall_gap 0.0ms
[eval] step 325 | val_bpb 1.0030
step   330 | loss 3.1414 | lr 1.000 | dt 1.561s | tok/s 335929 | mfu 24.6% | vram 0MB | steps_left 670
timing | fwd+bwd 1549.7ms  opt 11.0ms  gpu 1560.7ms  wall_gap 0.0ms
step   335 | loss 3.1357 | lr 1.000 | dt 1.563s | tok/s 335470 | mfu 24.6% | vram 0MB | steps_left 665
timing | fwd+bwd 1551.9ms  opt 10.9ms  gpu 1562.8ms  wall_gap 0.0ms
step   340 | loss 3.1267 | lr 1.000 | dt 1.565s | tok/s 335106 | mfu 24.5% | vram 0MB | steps_left 660
timing | fwd+bwd 1553.7ms  opt 10.8ms  gpu 1564.5ms  wall_gap 0.0ms
step   345 | loss 3.1193 | lr 1.000 | dt 1.563s | tok/s 335389 | mfu 24.6% | vram 0MB | steps_left 655
timing | fwd+bwd 1552.3ms  opt 10.9ms  gpu 1563.2ms  wall_gap 0.0ms
step   350 | loss 3.1120 | lr 1.000 | dt 1.563s | tok/s 335482 | mfu 24.6% | vram 0MB | steps_left 650
timing | fwd+bwd 1551.9ms  opt 10.9ms  gpu 1562.8ms  wall_gap 0.0ms
[eval] step 350 | val_bpb 1.0181
[checkpoint] saved /root/.cache/autoresearch/checkpoints/model_step350.safetensors
step   355 | loss 3.1033 | lr 1.000 | dt 1.560s | tok/s 336126 | mfu 24.6% | vram 0MB | steps_left 645
timing | fwd+bwd 1548.6ms  opt 11.2ms  gpu 1559.8ms  wall_gap 0.0ms
step   360 | loss 3.0980 | lr 1.000 | dt 1.559s | tok/s 336353 | mfu 24.6% | vram 0MB | steps_left 640
timing | fwd+bwd 1547.9ms  opt 10.8ms  gpu 1558.7ms  wall_gap 0.0ms
step   365 | loss 3.0952 | lr 1.000 | dt 1.557s | tok/s 336665 | mfu 24.7% | vram 0MB | steps_left 635
timing | fwd+bwd 1546.5ms  opt 10.8ms  gpu 1557.3ms  wall_gap 0.0ms
step   370 | loss 3.0897 | lr 1.000 | dt 1.559s | tok/s 336332 | mfu 24.6% | vram 0MB | steps_left 630
timing | fwd+bwd 1547.9ms  opt 10.9ms  gpu 1558.8ms  wall_gap 0.0ms
step   375 | loss 3.0807 | lr 1.000 | dt 1.561s | tok/s 335905 | mfu 24.6% | vram 0MB | steps_left 625
timing | fwd+bwd 1549.9ms  opt 10.9ms  gpu 1560.8ms  wall_gap 0.0ms
[eval] step 375 | val_bpb 1.0199
step   380 | loss 3.0797 | lr 1.000 | dt 1.562s | tok/s 335633 | mfu 24.6% | vram 0MB | steps_left 620
timing | fwd+bwd 1551.3ms  opt 10.8ms  gpu 1562.1ms  wall_gap 0.0ms
step   385 | loss 3.0775 | lr 1.000 | dt 1.565s | tok/s 335048 | mfu 24.5% | vram 0MB | steps_left 615
timing | fwd+bwd 1554.0ms  opt 10.9ms  gpu 1564.8ms  wall_gap 0.0ms
step   390 | loss 3.0723 | lr 1.000 | dt 1.559s | tok/s 336223 | mfu 24.6% | vram 0MB | steps_left 610
timing | fwd+bwd 1548.4ms  opt 11.0ms  gpu 1559.3ms  wall_gap 0.0ms
step   395 | loss 3.0691 | lr 1.000 | dt 1.562s | tok/s 335607 | mfu 24.6% | vram 0MB | steps_left 605
timing | fwd+bwd 1551.1ms  opt 11.1ms  gpu 1562.2ms  wall_gap 0.0ms
step   400 | loss 3.0646 | lr 1.000 | dt 1.558s | tok/s 336508 | mfu 24.6% | vram 0MB | steps_left 600
timing | fwd+bwd 1547.3ms  opt 10.8ms  gpu 1558.0ms  wall_gap 0.0ms
[eval] step 400 | val_bpb 1.0189
[checkpoint] saved /root/.cache/autoresearch/checkpoints/model_step400.safetensors
step   405 | loss 3.0579 | lr 1.000 | dt 1.558s | tok/s 336513 | mfu 24.6% | vram 0MB | steps_left 595
timing | fwd+bwd 1547.1ms  opt 10.9ms  gpu 1558.0ms  wall_gap 0.0ms
step   410 | loss 3.0537 | lr 1.000 | dt 1.561s | tok/s 335929 | mfu 24.6% | vram 0MB | steps_left 590
timing | fwd+bwd 1549.8ms  opt 10.9ms  gpu 1560.7ms  wall_gap 0.0ms
step   415 | loss 3.0511 | lr 1.000 | dt 1.562s | tok/s 335748 | mfu 24.6% | vram 0MB | steps_left 585
timing | fwd+bwd 1550.6ms  opt 10.9ms  gpu 1561.5ms  wall_gap 0.0ms
step   420 | loss 3.0428 | lr 1.000 | dt 1.560s | tok/s 336081 | mfu 24.6% | vram 0MB | steps_left 580
timing | fwd+bwd 1549.0ms  opt 11.0ms  gpu 1560.0ms  wall_gap 0.0ms
step   425 | loss 3.0394 | lr 1.000 | dt 1.558s | tok/s 336581 | mfu 24.7% | vram 0MB | steps_left 575
timing | fwd+bwd 1546.9ms  opt 10.8ms  gpu 1557.7ms  wall_gap 0.0ms
[eval] step 425 | val_bpb 1.0239
step   430 | loss 3.0338 | lr 1.000 | dt 1.562s | tok/s 335562 | mfu 24.6% | vram 0MB | steps_left 570
timing | fwd+bwd 1551.3ms  opt 11.1ms  gpu 1562.4ms  wall_gap 0.0ms
step   435 | loss 3.0294 | lr 1.000 | dt 1.555s | tok/s 337078 | mfu 24.7% | vram 0MB | steps_left 565
timing | fwd+bwd 1544.5ms  opt 10.9ms  gpu 1555.4ms  wall_gap 0.0ms
step   440 | loss 3.0248 | lr 1.000 | dt 1.560s | tok/s 336183 | mfu 24.6% | vram 0MB | steps_left 560
timing | fwd+bwd 1548.6ms  opt 10.9ms  gpu 1559.5ms  wall_gap 0.0ms
step   445 | loss 3.0209 | lr 1.000 | dt 1.561s | tok/s 335943 | mfu 24.6% | vram 0MB | steps_left 555
timing | fwd+bwd 1549.8ms  opt 10.8ms  gpu 1560.6ms  wall_gap 0.0ms
step   450 | loss 3.0165 | lr 1.000 | dt 1.560s | tok/s 336106 | mfu 24.6% | vram 0MB | steps_left 550
timing | fwd+bwd 1548.8ms  opt 11.1ms  gpu 1559.9ms  wall_gap 0.0ms
[eval] step 450 | val_bpb 0.9966
[checkpoint] saved /root/.cache/autoresearch/checkpoints/model_step450.safetensors
step   455 | loss 3.0179 | lr 1.000 | dt 1.555s | tok/s 337080 | mfu 24.7% | vram 0MB | steps_left 545
timing | fwd+bwd 1544.5ms  opt 10.9ms  gpu 1555.4ms  wall_gap 0.0ms
step   460 | loss 3.0125 | lr 1.000 | dt 1.559s | tok/s 336305 | mfu 24.6% | vram 0MB | steps_left 540
timing | fwd+bwd 1548.1ms  opt 10.9ms  gpu 1559.0ms  wall_gap 0.0ms
step   465 | loss 3.0055 | lr 1.000 | dt 1.557s | tok/s 336768 | mfu 24.7% | vram 0MB | steps_left 535
timing | fwd+bwd 1546.0ms  opt 10.8ms  gpu 1556.8ms  wall_gap 0.0ms
step   470 | loss 3.0008 | lr 1.000 | dt 1.561s | tok/s 335927 | mfu 24.6% | vram 0MB | steps_left 530
timing | fwd+bwd 1549.7ms  opt 11.0ms  gpu 1560.7ms  wall_gap 0.0ms
step   475 | loss 2.9997 | lr 1.000 | dt 1.560s | tok/s 336098 | mfu 24.6% | vram 0MB | steps_left 525
timing | fwd+bwd 1549.0ms  opt 10.9ms  gpu 1559.9ms  wall_gap 0.0ms
[eval] step 475 | val_bpb 0.9968
step   480 | loss 2.9954 | lr 1.000 | dt 1.557s | tok/s 336655 | mfu 24.7% | vram 0MB | steps_left 520
timing | fwd+bwd 1546.5ms  opt 10.9ms  gpu 1557.3ms  wall_gap 0.0ms
step   485 | loss 2.9925 | lr 1.000 | dt 1.562s | tok/s 335567 | mfu 24.6% | vram 0MB | steps_left 515
timing | fwd+bwd 1551.5ms  opt 10.8ms  gpu 1562.4ms  wall_gap 0.0ms
step   490 | loss 2.9895 | lr 1.000 | dt 1.559s | tok/s 336231 | mfu 24.6% | vram 0MB | steps_left 510
timing | fwd+bwd 1548.1ms  opt 11.2ms  gpu 1559.3ms  wall_gap 0.0ms
step   495 | loss 2.9890 | lr 1.000 | dt 1.557s | tok/s 336700 | mfu 24.7% | vram 0MB | steps_left 505
timing | fwd+bwd 1546.2ms  opt 10.9ms  gpu 1557.1ms  wall_gap 0.0ms
step   500 | loss 2.9884 | lr 1.000 | dt 1.562s | tok/s 335709 | mfu 24.6% | vram 0MB | steps_left 500
timing | fwd+bwd 1550.9ms  opt 10.9ms  gpu 1561.7ms  wall_gap 0.0ms
[eval] step 500 | val_bpb 0.9874
[checkpoint] saved /root/.cache/autoresearch/checkpoints/model_step500.safetensors
step   505 | loss 2.9858 | lr 0.990 | dt 1.558s | tok/s 336442 | mfu 24.6% | vram 0MB | steps_left 495
timing | fwd+bwd 1547.4ms  opt 10.9ms  gpu 1558.3ms  wall_gap 0.0ms
step   510 | loss 2.9843 | lr 0.981 | dt 1.560s | tok/s 336072 | mfu 24.6% | vram 0MB | steps_left 490
timing | fwd+bwd 1549.1ms  opt 11.0ms  gpu 1560.0ms  wall_gap 0.0ms
step   515 | loss 2.9813 | lr 0.971 | dt 1.559s | tok/s 336220 | mfu 24.6% | vram 0MB | steps_left 485
timing | fwd+bwd 1548.4ms  opt 10.9ms  gpu 1559.4ms  wall_gap 0.0ms
step   520 | loss 2.9756 | lr 0.962 | dt 1.561s | tok/s 335796 | mfu 24.6% | vram 0MB | steps_left 480
timing | fwd+bwd 1550.4ms  opt 10.9ms  gpu 1561.3ms  wall_gap 0.0ms
step   525 | loss 2.9732 | lr 0.952 | dt 1.560s | tok/s 336059 | mfu 24.6% | vram 0MB | steps_left 475
timing | fwd+bwd 1549.3ms  opt 10.9ms  gpu 1560.1ms  wall_gap 0.0ms
[eval] step 525 | val_bpb 1.0169
step   530 | loss 2.9721 | lr 0.943 | dt 1.562s | tok/s 335691 | mfu 24.6% | vram 0MB | steps_left 470
timing | fwd+bwd 1550.9ms  opt 10.9ms  gpu 1561.8ms  wall_gap 0.0ms
step   535 | loss 2.9701 | lr 0.933 | dt 1.559s | tok/s 336370 | mfu 24.6% | vram 0MB | steps_left 465
timing | fwd+bwd 1547.7ms  opt 11.0ms  gpu 1558.7ms  wall_gap 0.0ms
step   540 | loss 2.9662 | lr 0.924 | dt 1.558s | tok/s 336583 | mfu 24.7% | vram 0MB | steps_left 460
timing | fwd+bwd 1546.8ms  opt 10.9ms  gpu 1557.7ms  wall_gap 0.0ms
step   545 | loss 2.9631 | lr 0.914 | dt 1.559s | tok/s 336312 | mfu 24.6% | vram 0MB | steps_left 455
timing | fwd+bwd 1548.1ms  opt 10.8ms  gpu 1558.9ms  wall_gap 0.0ms
step   550 | loss 2.9619 | lr 0.905 | dt 1.560s | tok/s 336054 | mfu 24.6% | vram 0MB | steps_left 450
timing | fwd+bwd 1549.2ms  opt 10.9ms  gpu 1560.1ms  wall_gap 0.0ms
[eval] step 550 | val_bpb 0.9723
[checkpoint] saved /root/.cache/autoresearch/checkpoints/model_step550.safetensors
step   555 | loss 2.9573 | lr 0.896 | dt 1.559s | tok/s 336358 | mfu 24.6% | vram 0MB | steps_left 445
timing | fwd+bwd 1547.8ms  opt 10.9ms  gpu 1558.7ms  wall_gap 0.0ms
step   560 | loss 2.9554 | lr 0.886 | dt 1.558s | tok/s 336583 | mfu 24.7% | vram 0MB | steps_left 440
timing | fwd+bwd 1546.7ms  opt 10.9ms  gpu 1557.7ms  wall_gap 0.0ms
step   565 | loss 2.9545 | lr 0.877 | dt 1.558s | tok/s 336569 | mfu 24.7% | vram 0MB | steps_left 435
timing | fwd+bwd 1546.9ms  opt 10.9ms  gpu 1557.7ms  wall_gap 0.0ms
step   570 | loss 2.9485 | lr 0.867 | dt 1.558s | tok/s 336545 | mfu 24.6% | vram 0MB | steps_left 430
timing | fwd+bwd 1547.0ms  opt 10.9ms  gpu 1557.8ms  wall_gap 0.0ms
step   575 | loss 2.9458 | lr 0.858 | dt 1.562s | tok/s 335667 | mfu 24.6% | vram 0MB | steps_left 425
timing | fwd+bwd 1550.9ms  opt 11.0ms  gpu 1561.9ms  wall_gap 0.0ms
[eval] step 575 | val_bpb 0.9582
step   580 | loss 2.9480 | lr 0.848 | dt 1.560s | tok/s 336082 | mfu 24.6% | vram 0MB | steps_left 420
timing | fwd+bwd 1549.1ms  opt 10.9ms  gpu 1560.0ms  wall_gap 0.0ms
step   585 | loss 2.9457 | lr 0.839 | dt 1.560s | tok/s 336047 | mfu 24.6% | vram 0MB | steps_left 415
timing | fwd+bwd 1549.3ms  opt 10.9ms  gpu 1560.2ms  wall_gap 0.0ms
step   590 | loss 2.9402 | lr 0.829 | dt 1.560s | tok/s 336130 | mfu 24.6% | vram 0MB | steps_left 410
timing | fwd+bwd 1548.6ms  opt 11.1ms  gpu 1559.8ms  wall_gap 0.0ms
step   595 | loss 2.9354 | lr 0.820 | dt 1.560s | tok/s 336093 | mfu 24.6% | vram 0MB | steps_left 405
timing | fwd+bwd 1549.1ms  opt 10.9ms  gpu 1559.9ms  wall_gap 0.0ms
step   600 | loss 2.9306 | lr 0.810 | dt 1.562s | tok/s 335747 | mfu 24.6% | vram 0MB | steps_left 400
timing | fwd+bwd 1550.7ms  opt 10.8ms  gpu 1561.6ms  wall_gap 0.0ms
[eval] step 600 | val_bpb 0.9710
[checkpoint] saved /root/.cache/autoresearch/checkpoints/model_step600.safetensors
step   605 | loss 2.9258 | lr 0.800 | dt 1.560s | tok/s 336077 | mfu 24.6% | vram 0MB | steps_left 395
timing | fwd+bwd 1549.1ms  opt 10.9ms  gpu 1560.0ms  wall_gap 0.0ms
step   610 | loss 2.9195 | lr 0.791 | dt 1.559s | tok/s 336297 | mfu 24.6% | vram 0MB | steps_left 390
timing | fwd+bwd 1548.1ms  opt 10.9ms  gpu 1559.0ms  wall_gap 0.0ms
step   615 | loss 2.9150 | lr 0.781 | dt 1.560s | tok/s 336106 | mfu 24.6% | vram 0MB | steps_left 385
timing | fwd+bwd 1548.9ms  opt 11.0ms  gpu 1559.9ms  wall_gap 0.0ms
step   620 | loss 2.9128 | lr 0.772 | dt 1.557s | tok/s 336779 | mfu 24.7% | vram 0MB | steps_left 380
timing | fwd+bwd 1545.7ms  opt 11.1ms  gpu 1556.8ms  wall_gap 0.0ms
step   625 | loss 2.9054 | lr 0.762 | dt 1.553s | tok/s 337549 | mfu 24.7% | vram 0MB | steps_left 375
timing | fwd+bwd 1542.4ms  opt 10.8ms  gpu 1553.2ms  wall_gap 0.0ms
[eval] step 625 | val_bpb 0.9701
step   630 | loss 2.9039 | lr 0.753 | dt 1.556s | tok/s 337007 | mfu 24.7% | vram 0MB | steps_left 370
timing | fwd+bwd 1544.8ms  opt 10.9ms  gpu 1555.7ms  wall_gap 0.0ms
step   635 | loss 2.9004 | lr 0.743 | dt 1.559s | tok/s 336217 | mfu 24.6% | vram 0MB | steps_left 365
timing | fwd+bwd 1548.5ms  opt 10.9ms  gpu 1559.4ms  wall_gap 0.0ms
step   640 | loss 2.8964 | lr 0.734 | dt 1.560s | tok/s 336159 | mfu 24.6% | vram 0MB | steps_left 360
timing | fwd+bwd 1548.6ms  opt 11.0ms  gpu 1559.6ms  wall_gap 0.0ms
step   645 | loss 2.8909 | lr 0.725 | dt 1.558s | tok/s 336499 | mfu 24.6% | vram 0MB | steps_left 355
timing | fwd+bwd 1547.2ms  opt 10.9ms  gpu 1558.1ms  wall_gap 0.0ms
step   650 | loss 2.8834 | lr 0.715 | dt 1.558s | tok/s 336424 | mfu 24.6% | vram 0MB | steps_left 350
timing | fwd+bwd 1547.6ms  opt 10.9ms  gpu 1558.4ms  wall_gap 0.0ms
[eval] step 650 | val_bpb 0.9527
[checkpoint] saved /root/.cache/autoresearch/checkpoints/model_step650.safetensors
step   655 | loss 2.8790 | lr 0.706 | dt 1.556s | tok/s 336972 | mfu 24.7% | vram 0MB | steps_left 345
timing | fwd+bwd 1545.0ms  opt 10.9ms  gpu 1555.9ms  wall_gap 0.0ms
step   660 | loss 2.8744 | lr 0.696 | dt 1.561s | tok/s 335769 | mfu 24.6% | vram 0MB | steps_left 340
timing | fwd+bwd 1550.6ms  opt 10.8ms  gpu 1561.5ms  wall_gap 0.0ms
step   665 | loss 2.8754 | lr 0.687 | dt 1.558s | tok/s 336557 | mfu 24.7% | vram 0MB | steps_left 335
timing | fwd+bwd 1547.0ms  opt 10.8ms  gpu 1557.8ms  wall_gap 0.0ms
step   670 | loss 2.8674 | lr 0.677 | dt 1.558s | tok/s 336415 | mfu 24.6% | vram 0MB | steps_left 330
timing | fwd+bwd 1547.5ms  opt 10.9ms  gpu 1558.5ms  wall_gap 0.0ms
step   675 | loss 2.8638 | lr 0.668 | dt 1.558s | tok/s 336518 | mfu 24.6% | vram 0MB | steps_left 325
timing | fwd+bwd 1547.1ms  opt 10.9ms  gpu 1558.0ms  wall_gap 0.0ms
[eval] step 675 | val_bpb 0.9432
step   680 | loss 2.8618 | lr 0.658 | dt 1.561s | tok/s 335950 | mfu 24.6% | vram 0MB | steps_left 320
timing | fwd+bwd 1549.5ms  opt 11.1ms  gpu 1560.6ms  wall_gap 0.0ms
step   685 | loss 2.8586 | lr 0.649 | dt 1.559s | tok/s 336356 | mfu 24.6% | vram 0MB | steps_left 315
timing | fwd+bwd 1547.9ms  opt 10.9ms  gpu 1558.7ms  wall_gap 0.0ms
step   690 | loss 2.8608 | lr 0.639 | dt 1.555s | tok/s 337073 | mfu 24.7% | vram 0MB | steps_left 310
timing | fwd+bwd 1544.5ms  opt 10.9ms  gpu 1555.4ms  wall_gap 0.0ms
step   695 | loss 2.8587 | lr 0.629 | dt 1.558s | tok/s 336426 | mfu 24.6% | vram 0MB | steps_left 305
timing | fwd+bwd 1547.5ms  opt 10.9ms  gpu 1558.4ms  wall_gap 0.0ms
step   700 | loss 2.8561 | lr 0.620 | dt 1.561s | tok/s 335916 | mfu 24.6% | vram 0MB | steps_left 300
timing | fwd+bwd 1549.9ms  opt 10.9ms  gpu 1560.8ms  wall_gap 0.0ms
[eval] step 700 | val_bpb 0.9395
[checkpoint] saved /root/.cache/autoresearch/checkpoints/model_step700.safetensors
step   705 | loss 2.8547 | lr 0.610 | dt 1.557s | tok/s 336764 | mfu 24.7% | vram 0MB | steps_left 295
timing | fwd+bwd 1545.7ms  opt 11.2ms  gpu 1556.8ms  wall_gap 0.0ms
step   710 | loss 2.8510 | lr 0.601 | dt 1.556s | tok/s 336852 | mfu 24.7% | vram 0MB | steps_left 290
timing | fwd+bwd 1545.5ms  opt 10.9ms  gpu 1556.4ms  wall_gap 0.0ms
step   715 | loss 2.8431 | lr 0.591 | dt 1.558s | tok/s 336595 | mfu 24.7% | vram 0MB | steps_left 285
timing | fwd+bwd 1546.7ms  opt 10.9ms  gpu 1557.6ms  wall_gap 0.0ms
step   720 | loss 2.8395 | lr 0.582 | dt 1.558s | tok/s 336533 | mfu 24.6% | vram 0MB | steps_left 280
timing | fwd+bwd 1546.8ms  opt 11.1ms  gpu 1557.9ms  wall_gap 0.0ms
step   725 | loss 2.8348 | lr 0.572 | dt 1.559s | tok/s 336328 | mfu 24.6% | vram 0MB | steps_left 275
timing | fwd+bwd 1548.0ms  opt 10.9ms  gpu 1558.9ms  wall_gap 0.0ms
[eval] step 725 | val_bpb 0.9308
step   730 | loss 2.8323 | lr 0.563 | dt 1.558s | tok/s 336568 | mfu 24.7% | vram 0MB | steps_left 270
timing | fwd+bwd 1546.9ms  opt 10.9ms  gpu 1557.7ms  wall_gap 0.0ms
step   735 | loss 2.8306 | lr 0.553 | dt 1.557s | tok/s 336795 | mfu 24.7% | vram 0MB | steps_left 265
timing | fwd+bwd 1545.8ms  opt 10.9ms  gpu 1556.7ms  wall_gap 0.0ms
step   740 | loss 2.8299 | lr 0.544 | dt 1.558s | tok/s 336471 | mfu 24.6% | vram 0MB | steps_left 260
timing | fwd+bwd 1547.4ms  opt 10.8ms  gpu 1558.2ms  wall_gap 0.0ms
step   745 | loss 2.8263 | lr 0.535 | dt 1.559s | tok/s 336398 | mfu 24.6% | vram 0MB | steps_left 255
timing | fwd+bwd 1547.7ms  opt 10.8ms  gpu 1558.5ms  wall_gap 0.0ms
step   750 | loss 2.8236 | lr 0.525 | dt 1.561s | tok/s 335911 | mfu 24.6% | vram 0MB | steps_left 250
timing | fwd+bwd 1549.9ms  opt 10.9ms  gpu 1560.8ms  wall_gap 0.0ms
[eval] step 750 | val_bpb 0.9281
[checkpoint] saved /root/.cache/autoresearch/checkpoints/model_step750.safetensors
step   755 | loss 2.8184 | lr 0.516 | dt 1.556s | tok/s 336981 | mfu 24.7% | vram 0MB | steps_left 245
timing | fwd+bwd 1544.9ms  opt 11.0ms  gpu 1555.8ms  wall_gap 0.0ms
step   760 | loss 2.8173 | lr 0.506 | dt 1.561s | tok/s 335931 | mfu 24.6% | vram 0MB | steps_left 240
timing | fwd+bwd 1549.9ms  opt 10.8ms  gpu 1560.7ms  wall_gap 0.0ms
step   765 | loss 2.8151 | lr 0.496 | dt 1.557s | tok/s 336714 | mfu 24.7% | vram 0MB | steps_left 235
timing | fwd+bwd 1546.2ms  opt 10.9ms  gpu 1557.1ms  wall_gap 0.0ms
step   770 | loss 2.8148 | lr 0.487 | dt 1.554s | tok/s 337355 | mfu 24.7% | vram 0MB | steps_left 230
timing | fwd+bwd 1543.0ms  opt 11.1ms  gpu 1554.1ms  wall_gap 0.0ms
step   775 | loss 2.8084 | lr 0.477 | dt 1.557s | tok/s 336729 | mfu 24.7% | vram 0MB | steps_left 225
timing | fwd+bwd 1546.1ms  opt 10.9ms  gpu 1557.0ms  wall_gap 0.0ms
[eval] step 775 | val_bpb 0.9252
step   780 | loss 2.8030 | lr 0.468 | dt 1.557s | tok/s 336771 | mfu 24.7% | vram 0MB | steps_left 220
timing | fwd+bwd 1546.0ms  opt 10.8ms  gpu 1556.8ms  wall_gap 0.0ms
step   785 | loss 2.7988 | lr 0.458 | dt 1.562s | tok/s 335705 | mfu 24.6% | vram 0MB | steps_left 215
timing | fwd+bwd 1550.9ms  opt 10.9ms  gpu 1561.7ms  wall_gap 0.0ms
step   790 | loss 2.7990 | lr 0.449 | dt 1.558s | tok/s 336596 | mfu 24.7% | vram 0MB | steps_left 210
timing | fwd+bwd 1546.7ms  opt 11.0ms  gpu 1557.6ms  wall_gap 0.0ms
step   795 | loss 2.7949 | lr 0.440 | dt 1.560s | tok/s 336072 | mfu 24.6% | vram 0MB | steps_left 205
timing | fwd+bwd 1549.1ms  opt 10.9ms  gpu 1560.0ms  wall_gap 0.0ms
step   800 | loss 2.7893 | lr 0.430 | dt 1.556s | tok/s 336983 | mfu 24.7% | vram 0MB | steps_left 200
timing | fwd+bwd 1545.0ms  opt 10.8ms  gpu 1555.8ms  wall_gap 0.0ms
[eval] step 800 | val_bpb 0.9186
[checkpoint] saved /root/.cache/autoresearch/checkpoints/model_step800.safetensors
step   805 | loss 2.7863 | lr 0.421 | dt 1.559s | tok/s 336338 | mfu 24.6% | vram 0MB | steps_left 195
timing | fwd+bwd 1548.0ms  opt 10.8ms  gpu 1558.8ms  wall_gap 0.0ms
step   810 | loss 2.7841 | lr 0.411 | dt 1.560s | tok/s 335988 | mfu 24.6% | vram 0MB | steps_left 190
timing | fwd+bwd 1549.5ms  opt 10.9ms  gpu 1560.4ms  wall_gap 0.0ms
step   815 | loss 2.7835 | lr 0.401 | dt 1.557s | tok/s 336790 | mfu 24.7% | vram 0MB | steps_left 185
timing | fwd+bwd 1545.8ms  opt 10.9ms  gpu 1556.7ms  wall_gap 0.0ms
step   820 | loss 2.7809 | lr 0.392 | dt 1.557s | tok/s 336681 | mfu 24.7% | vram 0MB | steps_left 180
timing | fwd+bwd 1546.2ms  opt 11.0ms  gpu 1557.2ms  wall_gap 0.0ms
step   825 | loss 2.7809 | lr 0.382 | dt 1.559s | tok/s 336320 | mfu 24.6% | vram 0MB | steps_left 175
timing | fwd+bwd 1548.1ms  opt 10.8ms  gpu 1558.9ms  wall_gap 0.0ms
[eval] step 825 | val_bpb 0.9089
step   830 | loss 2.7756 | lr 0.373 | dt 1.559s | tok/s 336209 | mfu 24.6% | vram 0MB | steps_left 170
timing | fwd+bwd 1548.4ms  opt 11.0ms  gpu 1559.4ms  wall_gap 0.0ms
step   835 | loss 2.7703 | lr 0.363 | dt 1.557s | tok/s 336813 | mfu 24.7% | vram 0MB | steps_left 165
timing | fwd+bwd 1545.7ms  opt 10.9ms  gpu 1556.6ms  wall_gap 0.0ms
step   840 | loss 2.7661 | lr 0.354 | dt 1.558s | tok/s 336429 | mfu 24.6% | vram 0MB | steps_left 160
timing | fwd+bwd 1547.6ms  opt 10.8ms  gpu 1558.4ms  wall_gap 0.0ms
step   845 | loss 2.7671 | lr 0.345 | dt 1.557s | tok/s 336627 | mfu 24.7% | vram 0MB | steps_left 155
timing | fwd+bwd 1546.6ms  opt 10.9ms  gpu 1557.5ms  wall_gap 0.0ms
step   850 | loss 2.7637 | lr 0.335 | dt 1.557s | tok/s 336747 | mfu 24.7% | vram 0MB | steps_left 150
timing | fwd+bwd 1546.0ms  opt 10.9ms  gpu 1556.9ms  wall_gap 0.0ms
[eval] step 850 | val_bpb 0.8931
[checkpoint] saved /root/.cache/autoresearch/checkpoints/model_step850.safetensors
step   855 | loss 2.7558 | lr 0.326 | dt 1.557s | tok/s 336721 | mfu 24.7% | vram 0MB | steps_left 145
timing | fwd+bwd 1546.1ms  opt 10.9ms  gpu 1557.0ms  wall_gap 0.0ms
step   860 | loss 2.7546 | lr 0.316 | dt 1.559s | tok/s 336280 | mfu 24.6% | vram 0MB | steps_left 140
timing | fwd+bwd 1548.2ms  opt 10.9ms  gpu 1559.1ms  wall_gap 0.0ms
step   865 | loss 2.7529 | lr 0.306 | dt 1.557s | tok/s 336646 | mfu 24.7% | vram 0MB | steps_left 135
timing | fwd+bwd 1546.5ms  opt 10.9ms  gpu 1557.4ms  wall_gap 0.0ms
step   870 | loss 2.7505 | lr 0.297 | dt 1.559s | tok/s 336318 | mfu 24.6% | vram 0MB | steps_left 130
timing | fwd+bwd 1547.9ms  opt 11.0ms  gpu 1558.9ms  wall_gap 0.0ms
step   875 | loss 2.7456 | lr 0.287 | dt 1.557s | tok/s 336813 | mfu 24.7% | vram 0MB | steps_left 125
timing | fwd+bwd 1545.7ms  opt 11.0ms  gpu 1556.6ms  wall_gap 0.0ms
[eval] step 875 | val_bpb 0.8960
step   880 | loss 2.7419 | lr 0.278 | dt 1.555s | tok/s 337173 | mfu 24.7% | vram 0MB | steps_left 120
timing | fwd+bwd 1543.9ms  opt 11.0ms  gpu 1554.9ms  wall_gap 0.0ms
step   885 | loss 2.7370 | lr 0.269 | dt 1.555s | tok/s 337152 | mfu 24.7% | vram 0MB | steps_left 115
timing | fwd+bwd 1544.1ms  opt 10.9ms  gpu 1555.0ms  wall_gap 0.0ms
step   890 | loss 2.7344 | lr 0.259 | dt 1.557s | tok/s 336732 | mfu 24.7% | vram 0MB | steps_left 110
timing | fwd+bwd 1546.1ms  opt 10.9ms  gpu 1557.0ms  wall_gap 0.0ms
step   895 | loss 2.7278 | lr 0.250 | dt 1.557s | tok/s 336685 | mfu 24.7% | vram 0MB | steps_left 105
timing | fwd+bwd 1546.3ms  opt 10.9ms  gpu 1557.2ms  wall_gap 0.0ms
step   900 | loss 2.7213 | lr 0.240 | dt 1.562s | tok/s 335720 | mfu 24.6% | vram 0MB | steps_left 100
timing | fwd+bwd 1550.8ms  opt 10.9ms  gpu 1561.7ms  wall_gap 0.0ms
[eval] step 900 | val_bpb 0.8866
[checkpoint] saved /root/.cache/autoresearch/checkpoints/model_step900.safetensors
step   905 | loss 2.7220 | lr 0.230 | dt 1.561s | tok/s 335945 | mfu 24.6% | vram 0MB | steps_left 95
timing | fwd+bwd 1549.8ms  opt 10.8ms  gpu 1560.6ms  wall_gap 0.0ms
step   910 | loss 2.7168 | lr 0.221 | dt 1.558s | tok/s 336512 | mfu 24.6% | vram 0MB | steps_left 90
timing | fwd+bwd 1547.0ms  opt 11.0ms  gpu 1558.0ms  wall_gap 0.0ms
step   915 | loss 2.7178 | lr 0.212 | dt 1.560s | tok/s 335982 | mfu 24.6% | vram 0MB | steps_left 85
timing | fwd+bwd 1549.5ms  opt 10.9ms  gpu 1560.5ms  wall_gap 0.0ms
step   920 | loss 2.7153 | lr 0.202 | dt 1.557s | tok/s 336727 | mfu 24.7% | vram 0MB | steps_left 80
timing | fwd+bwd 1546.2ms  opt 10.8ms  gpu 1557.0ms  wall_gap 0.0ms
step   925 | loss 2.7159 | lr 0.192 | dt 1.562s | tok/s 335753 | mfu 24.6% | vram 0MB | steps_left 75
timing | fwd+bwd 1550.6ms  opt 10.9ms  gpu 1561.5ms  wall_gap 0.0ms
[eval] step 925 | val_bpb 0.8756
step   930 | loss 2.7146 | lr 0.183 | dt 1.559s | tok/s 336243 | mfu 24.6% | vram 0MB | steps_left 70
timing | fwd+bwd 1548.4ms  opt 10.9ms  gpu 1559.2ms  wall_gap 0.0ms
step   935 | loss 2.7113 | lr 0.174 | dt 1.559s | tok/s 336292 | mfu 24.6% | vram 0MB | steps_left 65
timing | fwd+bwd 1548.1ms  opt 10.9ms  gpu 1559.0ms  wall_gap 0.0ms
step   940 | loss 2.7066 | lr 0.164 | dt 1.554s | tok/s 337282 | mfu 24.7% | vram 0MB | steps_left 60
timing | fwd+bwd 1543.6ms  opt 10.8ms  gpu 1554.4ms  wall_gap 0.0ms
step   945 | loss 2.7035 | lr 0.154 | dt 1.555s | tok/s 337256 | mfu 24.7% | vram 0MB | steps_left 55
timing | fwd+bwd 1543.7ms  opt 10.9ms  gpu 1554.6ms  wall_gap 0.0ms
step   950 | loss 2.7021 | lr 0.145 | dt 1.559s | tok/s 336290 | mfu 24.6% | vram 0MB | steps_left 50
timing | fwd+bwd 1548.1ms  opt 10.9ms  gpu 1559.0ms  wall_gap 0.0ms
[eval] step 950 | val_bpb 0.8732
[checkpoint] saved /root/.cache/autoresearch/checkpoints/model_step950.safetensors
step   955 | loss 2.6997 | lr 0.135 | dt 1.557s | tok/s 336772 | mfu 24.7% | vram 0MB | steps_left 45
timing | fwd+bwd 1545.9ms  opt 10.9ms  gpu 1556.8ms  wall_gap 0.0ms
step   960 | loss 2.7001 | lr 0.126 | dt 1.560s | tok/s 336084 | mfu 24.6% | vram 0MB | steps_left 40
timing | fwd+bwd 1549.1ms  opt 10.9ms  gpu 1560.0ms  wall_gap 0.0ms
step   965 | loss 2.6977 | lr 0.116 | dt 1.558s | tok/s 336536 | mfu 24.6% | vram 0MB | steps_left 35
timing | fwd+bwd 1547.0ms  opt 10.9ms  gpu 1557.9ms  wall_gap 0.0ms
step   970 | loss 2.6980 | lr 0.107 | dt 1.556s | tok/s 336952 | mfu 24.7% | vram 0MB | steps_left 30
timing | fwd+bwd 1545.0ms  opt 10.9ms  gpu 1556.0ms  wall_gap 0.0ms
step   975 | loss 2.6992 | lr 0.097 | dt 1.558s | tok/s 336456 | mfu 24.6% | vram 0MB | steps_left 25
timing | fwd+bwd 1546.8ms  opt 11.5ms  gpu 1558.3ms  wall_gap 0.0ms
[eval] step 975 | val_bpb 0.8674
step   980 | loss 2.6946 | lr 0.088 | dt 1.559s | tok/s 336213 | mfu 24.6% | vram 0MB | steps_left 20
timing | fwd+bwd 1548.5ms  opt 10.9ms  gpu 1559.4ms  wall_gap 0.0ms
step   985 | loss 2.6915 | lr 0.079 | dt 1.559s | tok/s 336195 | mfu 24.6% | vram 0MB | steps_left 15
timing | fwd+bwd 1548.6ms  opt 10.9ms  gpu 1559.5ms  wall_gap 0.0ms
step   990 | loss 2.6916 | lr 0.069 | dt 1.560s | tok/s 336116 | mfu 24.6% | vram 0MB | steps_left 10
timing | fwd+bwd 1549.0ms  opt 10.9ms  gpu 1559.8ms  wall_gap 0.0ms
step   995 | loss 2.6912 | lr 0.060 | dt 1.558s | tok/s 336519 | mfu 24.6% | vram 0MB | steps_left 5
timing | fwd+bwd 1547.0ms  opt 10.9ms  gpu 1558.0ms  wall_gap 0.0ms
Training complete after 1000 steps.
[checkpoint] saved /root/.cache/autoresearch/checkpoints/model.safetensors
[eval] final | val_bpb 0.8641
---
training_seconds: 1543.2
total_seconds:    1606.5
mfu_percent:      24.61
total_tokens_M:   524.3
num_steps:        1000
num_params_M:     122.7
depth:            31
